2025-10-26 19:59:05.783 +01:00 [INF] Executed DbCommand (12ms) [Parameters=[], CommandType='"Text"', CommandTimeout='30']
SELECT COUNT(*) FROM "sqlite_master" WHERE "name" = '__EFMigrationsHistory' AND "type" = 'table';
2025-10-26 19:59:05.795 +01:00 [INF] Executed DbCommand (0ms) [Parameters=[], CommandType='"Text"', CommandTimeout='30']
SELECT COUNT(*) FROM "sqlite_master" WHERE "name" = '__EFMigrationsHistory' AND "type" = 'table';
2025-10-26 19:59:05.802 +01:00 [INF] Executed DbCommand (0ms) [Parameters=[], CommandType='"Text"', CommandTimeout='30']
SELECT "MigrationId", "ProductVersion"
FROM "__EFMigrationsHistory"
ORDER BY "MigrationId";
2025-10-26 19:59:05.821 +01:00 [INF] No migrations were applied. The database is already up to date.
2025-10-26 19:59:05.915 +01:00 [INF] Executed DbCommand (1ms) [Parameters=[], CommandType='"Text"', CommandTimeout='30']
SELECT EXISTS (
    SELECT 1
    FROM "Users" AS "u")
2025-10-26 19:59:05.963 +01:00 [INF] User profile is available. Using '/Users/jaraazad/.aspnet/DataProtection-Keys' as key repository; keys will not be encrypted at rest.
2025-10-26 19:59:06.239 +01:00 [INF] Now listening on: https://localhost:7286
2025-10-26 19:59:06.239 +01:00 [INF] Now listening on: http://localhost:5115
2025-10-26 19:59:06.243 +01:00 [INF] Application started. Press Ctrl+C to shut down.
2025-10-26 19:59:06.244 +01:00 [INF] Hosting environment: Development
2025-10-26 19:59:06.244 +01:00 [INF] Content root path: /Users/jaraazad/Desktop/Webapplikasjoner_ITPE3200/Webapplikasjoner-Eksamen-1/Jam
2025-10-26 19:59:06.580 +01:00 [INF] Request starting HTTP/1.1 GET http://localhost:5115/ - null null
2025-10-26 19:59:06.590 +01:00 [INF] Request finished HTTP/1.1 GET http://localhost:5115/ - 307 0 null 10.1948ms
2025-10-26 19:59:06.640 +01:00 [INF] Request starting HTTP/2 GET https://localhost:7286/ - null null
2025-10-26 19:59:06.691 +01:00 [INF] Executing endpoint 'Jam.Controllers.HomeController.Index (Jam)'
2025-10-26 19:59:06.701 +01:00 [INF] Route matched with {action = "Index", controller = "Home", page = "", area = ""}. Executing controller action with signature System.Threading.Tasks.Task`1[Microsoft.AspNetCore.Mvc.IActionResult] Index() on controller Jam.Controllers.HomeController (Jam).
2025-10-26 19:59:06.816 +01:00 [INF] Executed DbCommand (1ms) [Parameters=[], CommandType='"Text"', CommandTimeout='30']
SELECT "s"."StoryId", "s"."Accessible", "s"."Description", "s"."DifficultyLevel", "s"."Dnf", "s"."Failed", "s"."Finished", "s"."GameCode", "s"."Played", "s"."Title", "s"."UserId", "q"."QuestionSceneId", "q"."NextQuestionSceneId", "q"."Question", "q"."SceneText", "q"."StoryId"
FROM "Stories" AS "s"
LEFT JOIN "QuestionScenes" AS "q" ON "s"."StoryId" = "q"."StoryId"
WHERE "s"."UserId" = 1
ORDER BY "s"."StoryId"
2025-10-26 19:59:06.836 +01:00 [INF] Executed DbCommand (1ms) [Parameters=[@__p_0='?' (DbType = Int32)], CommandType='"Text"', CommandTimeout='30']
SELECT "u"."UserId", "u"."Email", "u"."Firstname", "u"."Lastname", "u"."PasswordHash", "u"."Username"
FROM "Users" AS "u"
WHERE "u"."UserId" = @__p_0
LIMIT 1
2025-10-26 19:59:06.862 +01:00 [INF] Executed DbCommand (0ms) [Parameters=[@__userId_0='?' (DbType = Int32)], CommandType='"Text"', CommandTimeout='30']
SELECT "s"."StoryId", "s"."Accessible", "s"."Description", "s"."DifficultyLevel", "s"."Dnf", "s"."Failed", "s"."Finished", "s"."GameCode", "s"."Played", "s"."Title", "s"."UserId"
FROM "Stories" AS "s"
WHERE "s"."UserId" = @__userId_0
2025-10-26 19:59:06.898 +01:00 [INF] Executing ViewResult, running view Index.
2025-10-26 19:59:06.940 +01:00 [INF] Executed ViewResult - view Index executed in 39.7023ms.
2025-10-26 19:59:06.940 +01:00 [INF] Executed action Jam.Controllers.HomeController.Index (Jam) in 238.502ms
2025-10-26 19:59:06.940 +01:00 [INF] Executed endpoint 'Jam.Controllers.HomeController.Index (Jam)'
2025-10-26 19:59:06.946 +01:00 [INF] Request finished HTTP/2 GET https://localhost:7286/ - 200 null text/html; charset=utf-8 305.2092ms
