2025-10-26 20:07:59.969 +01:00 [INF] Executed DbCommand (7ms) [Parameters=[], CommandType='"Text"', CommandTimeout='30']
SELECT COUNT(*) FROM "sqlite_master" WHERE "name" = '__EFMigrationsHistory' AND "type" = 'table';
2025-10-26 20:08:00.005 +01:00 [INF] Executed DbCommand (0ms) [Parameters=[], CommandType='"Text"', CommandTimeout='30']
SELECT COUNT(*) FROM "sqlite_master" WHERE "name" = '__EFMigrationsHistory' AND "type" = 'table';
2025-10-26 20:08:00.015 +01:00 [INF] Executed DbCommand (1ms) [Parameters=[], CommandType='"Text"', CommandTimeout='30']
SELECT "MigrationId", "ProductVersion"
FROM "__EFMigrationsHistory"
ORDER BY "MigrationId";
2025-10-26 20:08:00.042 +01:00 [INF] No migrations were applied. The database is already up to date.
2025-10-26 20:08:00.135 +01:00 [INF] Executed DbCommand (0ms) [Parameters=[], CommandType='"Text"', CommandTimeout='30']
SELECT EXISTS (
    SELECT 1
    FROM "Users" AS "u")
2025-10-26 20:08:00.201 +01:00 [INF] User profile is available. Using '/Users/jaraazad/.aspnet/DataProtection-Keys' as key repository; keys will not be encrypted at rest.
2025-10-26 20:08:00.547 +01:00 [INF] Now listening on: https://localhost:7286
2025-10-26 20:08:00.547 +01:00 [INF] Now listening on: http://localhost:5115
2025-10-26 20:08:00.551 +01:00 [INF] Application started. Press Ctrl+C to shut down.
2025-10-26 20:08:00.552 +01:00 [INF] Hosting environment: Development
2025-10-26 20:08:00.553 +01:00 [INF] Content root path: /Users/jaraazad/Desktop/Webapplikasjoner_ITPE3200/Webapplikasjoner-Eksamen-1/Jam
2025-10-26 20:08:00.898 +01:00 [INF] Request starting HTTP/1.1 GET http://localhost:5115/ - null null
2025-10-26 20:08:00.911 +01:00 [INF] Request finished HTTP/1.1 GET http://localhost:5115/ - 307 0 null 13.1495ms
2025-10-26 20:08:00.958 +01:00 [INF] Request starting HTTP/2 GET https://localhost:7286/ - null null
2025-10-26 20:08:00.985 +01:00 [INF] Executing endpoint 'Jam.Controllers.HomeController.Index (Jam)'
2025-10-26 20:08:00.994 +01:00 [INF] Route matched with {action = "Index", controller = "Home", page = "", area = ""}. Executing controller action with signature System.Threading.Tasks.Task`1[Microsoft.AspNetCore.Mvc.IActionResult] Index() on controller Jam.Controllers.HomeController (Jam).
2025-10-26 20:08:01.086 +01:00 [INF] Executed DbCommand (2ms) [Parameters=[], CommandType='"Text"', CommandTimeout='30']
SELECT "s"."StoryId", "s"."Accessible", "s"."Description", "s"."DifficultyLevel", "s"."Dnf", "s"."Failed", "s"."Finished", "s"."GameCode", "s"."Played", "s"."Title", "s"."UserId", "q"."QuestionSceneId", "q"."NextQuestionSceneId", "q"."Question", "q"."SceneText", "q"."StoryId"
FROM "Stories" AS "s"
LEFT JOIN "QuestionScenes" AS "q" ON "s"."StoryId" = "q"."StoryId"
WHERE "s"."UserId" = 1
ORDER BY "s"."StoryId"
2025-10-26 20:08:01.107 +01:00 [INF] Executed DbCommand (2ms) [Parameters=[@__p_0='?' (DbType = Int32)], CommandType='"Text"', CommandTimeout='30']
SELECT "u"."UserId", "u"."Email", "u"."Firstname", "u"."Lastname", "u"."PasswordHash", "u"."Username"
FROM "Users" AS "u"
WHERE "u"."UserId" = @__p_0
LIMIT 1
2025-10-26 20:08:01.133 +01:00 [INF] Executed DbCommand (0ms) [Parameters=[@__userId_0='?' (DbType = Int32)], CommandType='"Text"', CommandTimeout='30']
SELECT "s"."StoryId", "s"."Accessible", "s"."Description", "s"."DifficultyLevel", "s"."Dnf", "s"."Failed", "s"."Finished", "s"."GameCode", "s"."Played", "s"."Title", "s"."UserId"
FROM "Stories" AS "s"
WHERE "s"."UserId" = @__userId_0
2025-10-26 20:08:01.169 +01:00 [INF] Executing ViewResult, running view Index.
2025-10-26 20:08:01.215 +01:00 [INF] Executed ViewResult - view Index executed in 42.5866ms.
2025-10-26 20:08:01.216 +01:00 [INF] Executed action Jam.Controllers.HomeController.Index (Jam) in 221.0377ms
2025-10-26 20:08:01.216 +01:00 [INF] Executed endpoint 'Jam.Controllers.HomeController.Index (Jam)'
2025-10-26 20:08:01.223 +01:00 [INF] Request finished HTTP/2 GET https://localhost:7286/ - 200 null text/html; charset=utf-8 264.7847ms
